C:\Users\PC\Desktop\wSoftware1\wwwroot\extensionsTS\ArrangingLayout.js
C:\Users\PC\Desktop\wSoftware1\wwwroot\extensionsTS\ArrangingScript.js
C:\Users\PC\Desktop\wSoftware1\wwwroot\extensionsTS\Arrowheads.js
C:\Users\PC\Desktop\wSoftware1\wwwroot\extensionsTS\BalloonLink.js
C:\Users\PC\Desktop\wSoftware1\wwwroot\extensionsTS\BalloonLinkScript.js
C:\Users\PC\Desktop\wSoftware1\wwwroot\extensionsTS\Buttons.js
C:\Users\PC\Desktop\wSoftware1\wwwroot\extensionsTS\CheckBoxesScript.js
C:\Users\PC\Desktop\wSoftware1\wwwroot\extensionsTS\ColumnResizingTool.js
C:\Users\PC\Desktop\wSoftware1\wwwroot\extensionsTS\RowResizingTool.js
C:\Users\PC\Desktop\wSoftware1\wwwroot\extensionsTS\ColumnResizingScript.js
C:\Users\PC\Desktop\wSoftware1\wwwroot\extensionsTS\CurvedLinkReshapingTool.js
C:\Users\PC\Desktop\wSoftware1\wwwroot\extensionsTS\CurvedLinkReshapingScript.js
C:\Users\PC\Desktop\wSoftware1\wwwroot\extensionsTS\DataInspector.js
C:\Users\PC\Desktop\wSoftware1\wwwroot\extensionsTS\DataInspectorScript.js
C:\Users\PC\Desktop\wSoftware1\wwwroot\extensionsTS\DimensioningLink.js
C:\Users\PC\Desktop\wSoftware1\wwwroot\extensionsTS\DimensioningScript.js
C:\Users\PC\Desktop\wSoftware1\wwwroot\extensionsTS\DoubleTreeLayout.js
C:\Users\PC\Desktop\wSoftware1\wwwroot\extensionsTS\DragCreatingTool.js
C:\Users\PC\Desktop\wSoftware1\wwwroot\extensionsTS\DragCreatingScript.js
C:\Users\PC\Desktop\wSoftware1\wwwroot\extensionsTS\DragZoomingTool.js
C:\Users\PC\Desktop\wSoftware1\wwwroot\extensionsTS\DragZoomingScript.js
C:\Users\PC\Desktop\wSoftware1\wwwroot\extensionsTS\DrawCommandHandler.js
C:\Users\PC\Desktop\wSoftware1\wwwroot\extensionsTS\DrawCommandHandlerScript.js
C:\Users\PC\Desktop\wSoftware1\wwwroot\extensionsTS\Figures.js
C:\Users\PC\Desktop\wSoftware1\wwwroot\extensionsTS\FishboneLayout.js
C:\Users\PC\Desktop\wSoftware1\wwwroot\extensionsTS\FishboneScript.js
C:\Users\PC\Desktop\wSoftware1\wwwroot\extensionsTS\FreehandDrawingTool.js
C:\Users\PC\Desktop\wSoftware1\wwwroot\extensionsTS\GeometryReshapingTool.js
C:\Users\PC\Desktop\wSoftware1\wwwroot\extensionsTS\FreehandDrawingScript.js
C:\Users\PC\Desktop\wSoftware1\wwwroot\extensionsTS\GeometryReshapingScript.js
C:\Users\PC\Desktop\wSoftware1\wwwroot\extensionsTS\GuidedDraggingTool.js
C:\Users\PC\Desktop\wSoftware1\wwwroot\extensionsTS\GuidedDraggingScript.js
C:\Users\PC\Desktop\wSoftware1\wwwroot\extensionsTS\HyperlinkScript.js
C:\Users\PC\Desktop\wSoftware1\wwwroot\extensionsTS\HyperlinkText.js
C:\Users\PC\Desktop\wSoftware1\wwwroot\extensionsTS\LightBoxContextMenu.js
C:\Users\PC\Desktop\wSoftware1\wwwroot\extensionsTS\LinkLabelDraggingTool.js
C:\Users\PC\Desktop\wSoftware1\wwwroot\extensionsTS\LinkLabelDraggingScript.js
C:\Users\PC\Desktop\wSoftware1\wwwroot\extensionsTS\LinkLabelOnPathDraggingTool.js
C:\Users\PC\Desktop\wSoftware1\wwwroot\extensionsTS\LinkLabelOnPathDraggingScript.js
C:\Users\PC\Desktop\wSoftware1\wwwroot\extensionsTS\LinkShiftingTool.js
C:\Users\PC\Desktop\wSoftware1\wwwroot\extensionsTS\LinkShiftingScript.js
C:\Users\PC\Desktop\wSoftware1\wwwroot\extensionsTS\LocalStorageCommandHandler.js
C:\Users\PC\Desktop\wSoftware1\wwwroot\extensionsTS\LocalStorageCommandHandlerScript.js
C:\Users\PC\Desktop\wSoftware1\wwwroot\extensionsTS\NodeLabelDraggingTool.js
C:\Users\PC\Desktop\wSoftware1\wwwroot\extensionsTS\NodeLabelDraggingScript.js
C:\Users\PC\Desktop\wSoftware1\wwwroot\extensionsTS\NonRealtimeDraggingTool.js
C:\Users\PC\Desktop\wSoftware1\wwwroot\extensionsTS\NonRealtimeDraggingScript.js
C:\Users\PC\Desktop\wSoftware1\wwwroot\extensionsTS\OrthogonalLinkReshapingTool.js
C:\Users\PC\Desktop\wSoftware1\wwwroot\extensionsTS\OrthogonalLinkReshapingScript.js
C:\Users\PC\Desktop\wSoftware1\wwwroot\extensionsTS\OverviewResizingTool.js
C:\Users\PC\Desktop\wSoftware1\wwwroot\extensionsTS\OverviewResizingScript.js
C:\Users\PC\Desktop\wSoftware1\wwwroot\extensionsTS\Quadtree.js
C:\Users\PC\Desktop\wSoftware1\wwwroot\extensionsTS\PackedLayout.js
C:\Users\PC\Desktop\wSoftware1\wwwroot\extensionsTS\PackedScript.js
C:\Users\PC\Desktop\wSoftware1\wwwroot\extensionsTS\ParallelLayout.js
C:\Users\PC\Desktop\wSoftware1\wwwroot\extensionsTS\ParallelRouteLink.js
C:\Users\PC\Desktop\wSoftware1\wwwroot\extensionsTS\ParallelRouteScript.js
C:\Users\PC\Desktop\wSoftware1\wwwroot\extensionsTS\ParallelScript.js
C:\Users\PC\Desktop\wSoftware1\wwwroot\extensionsTS\PolygonDrawingTool.js
C:\Users\PC\Desktop\wSoftware1\wwwroot\extensionsTS\PolygonDrawingScript.js
C:\Users\PC\Desktop\wSoftware1\wwwroot\extensionsTS\PolylineLinkingTool.js
C:\Users\PC\Desktop\wSoftware1\wwwroot\extensionsTS\PolylineLinkingScript.js
C:\Users\PC\Desktop\wSoftware1\wwwroot\extensionsTS\PortShiftingTool.js
C:\Users\PC\Desktop\wSoftware1\wwwroot\extensionsTS\PortShiftingScript.js
C:\Users\PC\Desktop\wSoftware1\wwwroot\extensionsTS\RadialLayout.js
C:\Users\PC\Desktop\wSoftware1\wwwroot\extensionsTS\RadialScript.js
C:\Users\PC\Desktop\wSoftware1\wwwroot\extensionsTS\RealtimeDragSelectingTool.js
C:\Users\PC\Desktop\wSoftware1\wwwroot\extensionsTS\RealtimeDragSelectingScript.js
C:\Users\PC\Desktop\wSoftware1\wwwroot\extensionsTS\RescalingTool.js
C:\Users\PC\Desktop\wSoftware1\wwwroot\extensionsTS\RescalingScript.js
C:\Users\PC\Desktop\wSoftware1\wwwroot\extensionsTS\ResizeMultipleTool.js
C:\Users\PC\Desktop\wSoftware1\wwwroot\extensionsTS\ResizeMultipleScript.js
C:\Users\PC\Desktop\wSoftware1\wwwroot\extensionsTS\Robot.js
C:\Users\PC\Desktop\wSoftware1\wwwroot\extensionsTS\RobotScript.js
C:\Users\PC\Desktop\wSoftware1\wwwroot\extensionsTS\RotateMultipleTool.js
C:\Users\PC\Desktop\wSoftware1\wwwroot\extensionsTS\RotateMultipleScript.js
C:\Users\PC\Desktop\wSoftware1\wwwroot\extensionsTS\RoundedRectangles.js
C:\Users\PC\Desktop\wSoftware1\wwwroot\extensionsTS\ScrollingTable.js
C:\Users\PC\Desktop\wSoftware1\wwwroot\extensionsTS\ScrollingTableScript.js
C:\Users\PC\Desktop\wSoftware1\wwwroot\extensionsTS\SectorReshapingTool.js
C:\Users\PC\Desktop\wSoftware1\wwwroot\extensionsTS\SectorReshapingScript.js
C:\Users\PC\Desktop\wSoftware1\wwwroot\extensionsTS\SerpentineLayout.js
C:\Users\PC\Desktop\wSoftware1\wwwroot\extensionsTS\SerpentineScript.js
C:\Users\PC\Desktop\wSoftware1\wwwroot\extensionsTS\SnapLinkReshapingTool.js
C:\Users\PC\Desktop\wSoftware1\wwwroot\extensionsTS\SnapLinkReshapingScript.js
C:\Users\PC\Desktop\wSoftware1\wwwroot\extensionsTS\SpiralLayout.js
C:\Users\PC\Desktop\wSoftware1\wwwroot\extensionsTS\SpiralScript.js
C:\Users\PC\Desktop\wSoftware1\wwwroot\extensionsTS\SwimLaneLayout.js
C:\Users\PC\Desktop\wSoftware1\wwwroot\extensionsTS\TableLayout.js
C:\Users\PC\Desktop\wSoftware1\wwwroot\extensionsTS\TableScript.js
C:\Users\PC\Desktop\wSoftware1\wwwroot\extensionsTS\Templates.js
C:\Users\PC\Desktop\wSoftware1\wwwroot\extensionsTS\TextEditor.js
C:\Users\PC\Desktop\wSoftware1\wwwroot\extensionsTS\TextEditorRadioButtons.js
C:\Users\PC\Desktop\wSoftware1\wwwroot\extensionsTS\TextEditorScript.js
C:\Users\PC\Desktop\wSoftware1\wwwroot\extensionsTS\TextEditorSelectBox.js
C:\Users\PC\Desktop\wSoftware1\wwwroot\extensionsTS\TreeMapLayout.js
C:\Users\PC\Desktop\wSoftware1\wwwroot\extensionsTS\TreeMapScript.js
C:\Users\PC\Desktop\wSoftware1\wwwroot\extensionsTS\VirtualizedPackedLayout.js
C:\Users\PC\Desktop\wSoftware1\wwwroot\extensionsTS\ZoomSlider.js
C:\Users\PC\Desktop\wSoftware1\wwwroot\extensionsTS\ZoomSliderScript.js
